[2021-06-06 12:06:32] laravel.EMERGENCY: Unable to create configured logger. Using emergency logger. {"exception":"[object] (InvalidArgumentException(code: 0): Log [] is not defined. at /opt/lampp/htdocs/dil/samcom/vendor/laravel/framework/src/Illuminate/Log/LogManager.php:192)
[stacktrace]
#0 /opt/lampp/htdocs/dil/samcom/vendor/laravel/framework/src/Illuminate/Log/LogManager.php(118): Illuminate\\Log\\LogManager->resolve(NULL)
#1 /opt/lampp/htdocs/dil/samcom/vendor/laravel/framework/src/Illuminate/Log/LogManager.php(98): Illuminate\\Log\\LogManager->get(NULL)
#2 /opt/lampp/htdocs/dil/samcom/vendor/laravel/framework/src/Illuminate/Log/LogManager.php(547): Illuminate\\Log\\LogManager->driver()
#3 /opt/lampp/htdocs/dil/samcom/vendor/laravel/framework/src/Illuminate/Foundation/Exceptions/Handler.php(124): Illuminate\\Log\\LogManager->error('syntax error, u...', Array)
#4 /opt/lampp/htdocs/dil/samcom/app/Exceptions/Handler.php(37): Illuminate\\Foundation\\Exceptions\\Handler->report(Object(Symfony\\Component\\Debug\\Exception\\FatalThrowableError))
#5 /opt/lampp/htdocs/dil/samcom/vendor/laravel/framework/src/Illuminate/Foundation/Http/Kernel.php(408): App\\Exceptions\\Handler->report(Object(Symfony\\Component\\Debug\\Exception\\FatalThrowableError))
#6 /opt/lampp/htdocs/dil/samcom/vendor/laravel/framework/src/Illuminate/Foundation/Http/Kernel.php(116): Illuminate\\Foundation\\Http\\Kernel->reportException(Object(Symfony\\Component\\Debug\\Exception\\FatalThrowableError))
#7 /opt/lampp/htdocs/dil/samcom/public/index.php(55): Illuminate\\Foundation\\Http\\Kernel->handle(Object(Illuminate\\Http\\Request))
#8 /opt/lampp/htdocs/dil/samcom/server.php(21): require_once('/opt/lampp/htdo...')
#9 {main}
"} 
[2021-06-06 12:06:32] laravel.ERROR: syntax error, unexpected ',', expecting ';' {"exception":"[object] (Symfony\\Component\\Debug\\Exception\\FatalThrowableError(code: 0): syntax error, unexpected ',', expecting ';' at /opt/lampp/htdocs/dil/samcom/config/auth.php:54)
[stacktrace]
#0 /opt/lampp/htdocs/dil/samcom/vendor/laravel/framework/src/Illuminate/Foundation/Bootstrap/LoadConfiguration.php(39): Illuminate\\Foundation\\Bootstrap\\LoadConfiguration->loadConfigurationFiles(Object(Illuminate\\Foundation\\Application), Object(Illuminate\\Config\\Repository))
#1 /opt/lampp/htdocs/dil/samcom/vendor/laravel/framework/src/Illuminate/Foundation/Application.php(219): Illuminate\\Foundation\\Bootstrap\\LoadConfiguration->bootstrap(Object(Illuminate\\Foundation\\Application))
#2 /opt/lampp/htdocs/dil/samcom/vendor/laravel/framework/src/Illuminate/Foundation/Http/Kernel.php(156): Illuminate\\Foundation\\Application->bootstrapWith(Array)
#3 /opt/lampp/htdocs/dil/samcom/vendor/laravel/framework/src/Illuminate/Foundation/Http/Kernel.php(140): Illuminate\\Foundation\\Http\\Kernel->bootstrap()
#4 /opt/lampp/htdocs/dil/samcom/vendor/laravel/framework/src/Illuminate/Foundation/Http/Kernel.php(110): Illuminate\\Foundation\\Http\\Kernel->sendRequestThroughRouter(Object(Illuminate\\Http\\Request))
#5 /opt/lampp/htdocs/dil/samcom/public/index.php(55): Illuminate\\Foundation\\Http\\Kernel->handle(Object(Illuminate\\Http\\Request))
#6 /opt/lampp/htdocs/dil/samcom/server.php(21): require_once('/opt/lampp/htdo...')
#7 {main}
"} 
